<?xml version="1.0" encoding="UTF-8"?>
<testng-results ignored="0" total="5" passed="3" failed="2" skipped="0">
  <reporter-output>
  </reporter-output>
  <suite started-at="2025-08-13T12:36:49 EDT" name="Ecom Suite" finished-at="2025-08-13T12:37:35 EDT" duration-ms="46062">
    <groups>
      <group name="regression">
        <method signature="SubmitOrderTest.submitOrder(java.util.HashMap)[pri:0, instance:ecom.Tests.SubmitOrderTest@21c64522]" name="submitOrder" class="ecom.Tests.SubmitOrderTest"/>
      </group> <!-- regression -->
      <group name="e2e">
        <method signature="SubmitOrderTest.submitOrder(java.util.HashMap)[pri:0, instance:ecom.Tests.SubmitOrderTest@21c64522]" name="submitOrder" class="ecom.Tests.SubmitOrderTest"/>
      </group> <!-- e2e -->
      <group name="error">
        <method signature="ErrorValidationsTest.loginErrorValidation()[pri:0, instance:ecom.Tests.ErrorValidationsTest@4816c290]" name="loginErrorValidation" class="ecom.Tests.ErrorValidationsTest"/>
        <method signature="ErrorValidationsTest.productErrorValidation()[pri:0, instance:ecom.Tests.ErrorValidationsTest@4816c290]" name="productErrorValidation" class="ecom.Tests.ErrorValidationsTest"/>
      </group> <!-- error -->
      <group name="order">
        <method signature="SubmitOrderTest.submitOrder(java.util.HashMap)[pri:0, instance:ecom.Tests.SubmitOrderTest@21c64522]" name="submitOrder" class="ecom.Tests.SubmitOrderTest"/>
      </group> <!-- order -->
    </groups>
    <test started-at="2025-08-13T12:36:49 EDT" name="Error Validations Test" finished-at="2025-08-13T12:37:16 EDT" duration-ms="26876">
      <class name="ecom.Tests.ErrorValidationsTest">
        <test-method is-config="true" signature="launchApplication()[pri:0, instance:ecom.Tests.ErrorValidationsTest@4816c290]" started-at="2025-08-13T12:36:49 EDT" name="launchApplication" finished-at="2025-08-13T12:36:55 EDT" duration-ms="5986" status="PASS">
          <reporter-output>
          </reporter-output>
        </test-method> <!-- launchApplication -->
        <test-method signature="loginErrorValidation()[pri:0, instance:ecom.Tests.ErrorValidationsTest@4816c290]" started-at="2025-08-13T12:36:55 EDT" name="loginErrorValidation" finished-at="2025-08-13T12:36:56 EDT" duration-ms="490" status="PASS">
          <reporter-output>
          </reporter-output>
        </test-method> <!-- loginErrorValidation -->
        <test-method is-config="true" signature="tearDown()[pri:0, instance:ecom.Tests.ErrorValidationsTest@4816c290]" started-at="2025-08-13T12:36:56 EDT" name="tearDown" finished-at="2025-08-13T12:36:56 EDT" duration-ms="81" status="PASS">
          <reporter-output>
          </reporter-output>
        </test-method> <!-- tearDown -->
        <test-method is-config="true" signature="launchApplication()[pri:0, instance:ecom.Tests.ErrorValidationsTest@4816c290]" started-at="2025-08-13T12:36:56 EDT" name="launchApplication" finished-at="2025-08-13T12:37:01 EDT" duration-ms="5818" status="PASS">
          <reporter-output>
          </reporter-output>
        </test-method> <!-- launchApplication -->
        <test-method signature="productErrorValidation()[pri:0, instance:ecom.Tests.ErrorValidationsTest@4816c290]" started-at="2025-08-13T12:37:01 EDT" name="productErrorValidation" finished-at="2025-08-13T12:37:16 EDT" duration-ms="14389" status="PASS">
          <reporter-output>
          </reporter-output>
        </test-method> <!-- productErrorValidation -->
        <test-method is-config="true" signature="tearDown()[pri:0, instance:ecom.Tests.ErrorValidationsTest@4816c290]" started-at="2025-08-13T12:37:16 EDT" name="tearDown" finished-at="2025-08-13T12:37:16 EDT" duration-ms="76" status="PASS">
          <reporter-output>
          </reporter-output>
        </test-method> <!-- tearDown -->
      </class> <!-- ecom.Tests.ErrorValidationsTest -->
    </test> <!-- Error Validations Test -->
    <test started-at="2025-08-13T12:36:49 EDT" name="Submit Order Test" finished-at="2025-08-13T12:37:35 EDT" duration-ms="46062">
      <class name="ecom.Tests.SubmitOrderTest">
        <test-method is-config="true" signature="launchApplication()[pri:0, instance:ecom.Tests.SubmitOrderTest@21c64522]" started-at="2025-08-13T12:36:49 EDT" name="launchApplication" finished-at="2025-08-13T12:36:55 EDT" duration-ms="5441" status="PASS">
          <reporter-output>
          </reporter-output>
        </test-method> <!-- launchApplication -->
        <test-method signature="submitOrder(java.util.HashMap)[pri:0, instance:ecom.Tests.SubmitOrderTest@21c64522]" started-at="2025-08-13T12:36:55 EDT" name="submitOrder" data-provider="getData" finished-at="2025-08-13T12:36:58 EDT" duration-ms="3492" status="PASS">
          <params>
            <param index="0">
              <value>
                <![CDATA[{password=Pass@123, email=rebofkatwal10@gmail.com, productName=ZARA COAT 3}]]>
              </value>
            </param>
          </params>
          <reporter-output>
          </reporter-output>
        </test-method> <!-- submitOrder -->
        <test-method is-config="true" signature="tearDown()[pri:0, instance:ecom.Tests.SubmitOrderTest@21c64522]" started-at="2025-08-13T12:36:58 EDT" name="tearDown" finished-at="2025-08-13T12:36:58 EDT" duration-ms="97" status="PASS">
          <reporter-output>
          </reporter-output>
        </test-method> <!-- tearDown -->
        <test-method is-config="true" signature="launchApplication()[pri:0, instance:ecom.Tests.SubmitOrderTest@21c64522]" started-at="2025-08-13T12:36:58 EDT" name="launchApplication" finished-at="2025-08-13T12:37:04 EDT" duration-ms="6081" status="PASS">
          <reporter-output>
          </reporter-output>
        </test-method> <!-- launchApplication -->
        <test-method signature="submitOrder(java.util.HashMap)[pri:0, instance:ecom.Tests.SubmitOrderTest@21c64522]" started-at="2025-08-13T12:37:04 EDT" name="submitOrder" data-provider="getData" finished-at="2025-08-13T12:37:15 EDT" duration-ms="10418" status="FAIL">
          <params>
            <param index="0">
              <value>
                <![CDATA[{password=John@123, email=john.doe@example.com, productName=ADIDAS ORIGINAL}]]>
              </value>
            </param>
          </params>
          <exception class="org.openqa.selenium.TimeoutException">
            <message>
              <![CDATA[Expected condition failed: waiting for visibility of element located by By.cssSelector: .mb-3 (tried for 5 second(s) with 500 milliseconds interval)
Build info: version: '4.33.0', revision: '2c6aaad03a'
System info: os.name: 'Linux', os.arch: 'amd64', os.version: '6.8.0-71-generic', java.version: '21.0.8'
Driver info: org.openqa.selenium.chrome.ChromeDriver
Capabilities {acceptInsecureCerts: false, browserName: chrome, browserVersion: 139.0.7258.66, chrome: {chromedriverVersion: 139.0.7258.68 (40ff94600b6e..., userDataDir: /tmp/.org.chromium.Chromium...}, fedcm:accounts: true, goog:chromeOptions: {debuggerAddress: localhost:36243}, networkConnectionEnabled: false, pageLoadStrategy: normal, platformName: linux, proxy: Proxy(), se:cdp: ws://localhost:36243/devtoo..., se:cdpVersion: 139.0.7258.66, setWindowRect: true, strictFileInteractability: false, timeouts: {implicit: 0, pageLoad: 300000, script: 30000}, unhandledPromptBehavior: dismiss and notify, webauthn:extension:credBlob: true, webauthn:extension:largeBlob: true, webauthn:extension:minPinLength: true, webauthn:extension:prf: true, webauthn:virtualAuthenticators: true}
Session ID: ebe7c2e581d6b76e784f106f94bd6b6c]]>
            </message>
            <full-stacktrace>
              <![CDATA[org.openqa.selenium.TimeoutException: Expected condition failed: waiting for visibility of element located by By.cssSelector: .mb-3 (tried for 5 second(s) with 500 milliseconds interval)
Build info: version: '4.33.0', revision: '2c6aaad03a'
System info: os.name: 'Linux', os.arch: 'amd64', os.version: '6.8.0-71-generic', java.version: '21.0.8'
Driver info: org.openqa.selenium.chrome.ChromeDriver
Capabilities {acceptInsecureCerts: false, browserName: chrome, browserVersion: 139.0.7258.66, chrome: {chromedriverVersion: 139.0.7258.68 (40ff94600b6e..., userDataDir: /tmp/.org.chromium.Chromium...}, fedcm:accounts: true, goog:chromeOptions: {debuggerAddress: localhost:36243}, networkConnectionEnabled: false, pageLoadStrategy: normal, platformName: linux, proxy: Proxy(), se:cdp: ws://localhost:36243/devtoo..., se:cdpVersion: 139.0.7258.66, setWindowRect: true, strictFileInteractability: false, timeouts: {implicit: 0, pageLoad: 300000, script: 30000}, unhandledPromptBehavior: dismiss and notify, webauthn:extension:credBlob: true, webauthn:extension:largeBlob: true, webauthn:extension:minPinLength: true, webauthn:extension:prf: true, webauthn:virtualAuthenticators: true}
Session ID: ebe7c2e581d6b76e784f106f94bd6b6c
at org.openqa.selenium.support.ui.WebDriverWait.timeoutException(WebDriverWait.java:84)
at org.openqa.selenium.support.ui.FluentWait.until(FluentWait.java:228)
at ecom.common.CommonComponents.waitForVisibility(CommonComponents.java:33)
at ecom.pageobjects.ProductCataloguePage.getProductList(ProductCataloguePage.java:24)
at ecom.pageobjects.ProductCataloguePage.getProductByName(ProductCataloguePage.java:32)
at ecom.pageobjects.ProductCataloguePage.addProductToCart(ProductCataloguePage.java:43)
at ecom.Tests.SubmitOrderTest.submitOrder(SubmitOrderTest.java:43)
at java.base/jdk.internal.reflect.DirectMethodHandleAccessor.invoke(DirectMethodHandleAccessor.java:103)
at java.base/java.lang.reflect.Method.invoke(Method.java:580)
at org.testng.internal.invokers.MethodInvocationHelper.invokeMethod(MethodInvocationHelper.java:139)
at org.testng.internal.invokers.TestInvoker.invokeMethod(TestInvoker.java:664)
at org.testng.internal.invokers.TestInvoker.invokeTestMethod(TestInvoker.java:228)
at org.testng.internal.invokers.MethodRunner.runInSequence(MethodRunner.java:63)
at org.testng.internal.invokers.TestInvoker$MethodInvocationAgent.invoke(TestInvoker.java:961)
at org.testng.internal.invokers.TestInvoker.invokeTestMethods(TestInvoker.java:201)
at org.testng.internal.invokers.TestMethodWorker.invokeTestMethods(TestMethodWorker.java:148)
at org.testng.internal.invokers.TestMethodWorker.run(TestMethodWorker.java:128)
at java.base/java.util.ArrayList.forEach(ArrayList.java:1596)
at org.testng.TestRunner.privateRun(TestRunner.java:819)
at org.testng.TestRunner.run(TestRunner.java:619)
at org.testng.SuiteRunner.runTest(SuiteRunner.java:443)
at org.testng.SuiteRunner$SuiteWorker.run(SuiteRunner.java:481)
at org.testng.internal.thread.ThreadUtil.lambda$execute$0(ThreadUtil.java:58)
at java.base/java.util.concurrent.FutureTask.run(FutureTask.java:317)
at java.base/java.util.concurrent.ThreadPoolExecutor.runWorker(ThreadPoolExecutor.java:1144)
at java.base/java.util.concurrent.ThreadPoolExecutor$Worker.run(ThreadPoolExecutor.java:642)
at java.base/java.lang.Thread.run(Thread.java:1583)
]]>
            </full-stacktrace>
          </exception> <!-- org.openqa.selenium.TimeoutException -->
          <reporter-output>
          </reporter-output>
        </test-method> <!-- submitOrder -->
        <test-method is-config="true" signature="tearDown()[pri:0, instance:ecom.Tests.SubmitOrderTest@21c64522]" started-at="2025-08-13T12:37:15 EDT" name="tearDown" finished-at="2025-08-13T12:37:15 EDT" duration-ms="77" status="PASS">
          <reporter-output>
          </reporter-output>
        </test-method> <!-- tearDown -->
        <test-method is-config="true" signature="launchApplication()[pri:0, instance:ecom.Tests.SubmitOrderTest@21c64522]" started-at="2025-08-13T12:37:15 EDT" name="launchApplication" finished-at="2025-08-13T12:37:24 EDT" duration-ms="9033" status="PASS">
          <reporter-output>
          </reporter-output>
        </test-method> <!-- launchApplication -->
        <test-method signature="submitOrder(java.util.HashMap)[pri:0, instance:ecom.Tests.SubmitOrderTest@21c64522]" started-at="2025-08-13T12:37:24 EDT" name="submitOrder" data-provider="getData" finished-at="2025-08-13T12:37:35 EDT" duration-ms="10298" status="FAIL">
          <params>
            <param index="0">
              <value>
                <![CDATA[{password=Jane@123, email=jane.smith@example.com, productName=NIKE RUNNER}]]>
              </value>
            </param>
          </params>
          <exception class="org.openqa.selenium.TimeoutException">
            <message>
              <![CDATA[Expected condition failed: waiting for visibility of element located by By.cssSelector: .mb-3 (tried for 5 second(s) with 500 milliseconds interval)
Build info: version: '4.33.0', revision: '2c6aaad03a'
System info: os.name: 'Linux', os.arch: 'amd64', os.version: '6.8.0-71-generic', java.version: '21.0.8'
Driver info: org.openqa.selenium.chrome.ChromeDriver
Capabilities {acceptInsecureCerts: false, browserName: chrome, browserVersion: 139.0.7258.66, chrome: {chromedriverVersion: 139.0.7258.68 (40ff94600b6e..., userDataDir: /tmp/.org.chromium.Chromium...}, fedcm:accounts: true, goog:chromeOptions: {debuggerAddress: localhost:42551}, networkConnectionEnabled: false, pageLoadStrategy: normal, platformName: linux, proxy: Proxy(), se:cdp: ws://localhost:42551/devtoo..., se:cdpVersion: 139.0.7258.66, setWindowRect: true, strictFileInteractability: false, timeouts: {implicit: 0, pageLoad: 300000, script: 30000}, unhandledPromptBehavior: dismiss and notify, webauthn:extension:credBlob: true, webauthn:extension:largeBlob: true, webauthn:extension:minPinLength: true, webauthn:extension:prf: true, webauthn:virtualAuthenticators: true}
Session ID: 457f8be99085ab8ff8a94a2969ef7655]]>
            </message>
            <full-stacktrace>
              <![CDATA[org.openqa.selenium.TimeoutException: Expected condition failed: waiting for visibility of element located by By.cssSelector: .mb-3 (tried for 5 second(s) with 500 milliseconds interval)
Build info: version: '4.33.0', revision: '2c6aaad03a'
System info: os.name: 'Linux', os.arch: 'amd64', os.version: '6.8.0-71-generic', java.version: '21.0.8'
Driver info: org.openqa.selenium.chrome.ChromeDriver
Capabilities {acceptInsecureCerts: false, browserName: chrome, browserVersion: 139.0.7258.66, chrome: {chromedriverVersion: 139.0.7258.68 (40ff94600b6e..., userDataDir: /tmp/.org.chromium.Chromium...}, fedcm:accounts: true, goog:chromeOptions: {debuggerAddress: localhost:42551}, networkConnectionEnabled: false, pageLoadStrategy: normal, platformName: linux, proxy: Proxy(), se:cdp: ws://localhost:42551/devtoo..., se:cdpVersion: 139.0.7258.66, setWindowRect: true, strictFileInteractability: false, timeouts: {implicit: 0, pageLoad: 300000, script: 30000}, unhandledPromptBehavior: dismiss and notify, webauthn:extension:credBlob: true, webauthn:extension:largeBlob: true, webauthn:extension:minPinLength: true, webauthn:extension:prf: true, webauthn:virtualAuthenticators: true}
Session ID: 457f8be99085ab8ff8a94a2969ef7655
at org.openqa.selenium.support.ui.WebDriverWait.timeoutException(WebDriverWait.java:84)
at org.openqa.selenium.support.ui.FluentWait.until(FluentWait.java:228)
at ecom.common.CommonComponents.waitForVisibility(CommonComponents.java:33)
at ecom.pageobjects.ProductCataloguePage.getProductList(ProductCataloguePage.java:24)
at ecom.pageobjects.ProductCataloguePage.getProductByName(ProductCataloguePage.java:32)
at ecom.pageobjects.ProductCataloguePage.addProductToCart(ProductCataloguePage.java:43)
at ecom.Tests.SubmitOrderTest.submitOrder(SubmitOrderTest.java:43)
at java.base/jdk.internal.reflect.DirectMethodHandleAccessor.invoke(DirectMethodHandleAccessor.java:103)
at java.base/java.lang.reflect.Method.invoke(Method.java:580)
at org.testng.internal.invokers.MethodInvocationHelper.invokeMethod(MethodInvocationHelper.java:139)
at org.testng.internal.invokers.TestInvoker.invokeMethod(TestInvoker.java:664)
at org.testng.internal.invokers.TestInvoker.invokeTestMethod(TestInvoker.java:228)
at org.testng.internal.invokers.MethodRunner.runInSequence(MethodRunner.java:63)
at org.testng.internal.invokers.TestInvoker$MethodInvocationAgent.invoke(TestInvoker.java:961)
at org.testng.internal.invokers.TestInvoker.invokeTestMethods(TestInvoker.java:201)
at org.testng.internal.invokers.TestMethodWorker.invokeTestMethods(TestMethodWorker.java:148)
at org.testng.internal.invokers.TestMethodWorker.run(TestMethodWorker.java:128)
at java.base/java.util.ArrayList.forEach(ArrayList.java:1596)
at org.testng.TestRunner.privateRun(TestRunner.java:819)
at org.testng.TestRunner.run(TestRunner.java:619)
at org.testng.SuiteRunner.runTest(SuiteRunner.java:443)
at org.testng.SuiteRunner$SuiteWorker.run(SuiteRunner.java:481)
at org.testng.internal.thread.ThreadUtil.lambda$execute$0(ThreadUtil.java:58)
at java.base/java.util.concurrent.FutureTask.run(FutureTask.java:317)
at java.base/java.util.concurrent.ThreadPoolExecutor.runWorker(ThreadPoolExecutor.java:1144)
at java.base/java.util.concurrent.ThreadPoolExecutor$Worker.run(ThreadPoolExecutor.java:642)
at java.base/java.lang.Thread.run(Thread.java:1583)
]]>
            </full-stacktrace>
          </exception> <!-- org.openqa.selenium.TimeoutException -->
          <reporter-output>
          </reporter-output>
        </test-method> <!-- submitOrder -->
        <test-method is-config="true" signature="tearDown()[pri:0, instance:ecom.Tests.SubmitOrderTest@21c64522]" started-at="2025-08-13T12:37:35 EDT" name="tearDown" finished-at="2025-08-13T12:37:35 EDT" duration-ms="74" status="PASS">
          <reporter-output>
          </reporter-output>
        </test-method> <!-- tearDown -->
      </class> <!-- ecom.Tests.SubmitOrderTest -->
    </test> <!-- Submit Order Test -->
  </suite> <!-- Ecom Suite -->
</testng-results>
