<?xml version="1.0" encoding="UTF-8"?>
<!-- Generated by org.testng.reporters.JUnitReportReporter -->
<testsuite hostname="rebof-Nitro" failures="0" tests="2" name="cucumber.TestNGRunner" time="40.018" errors="1" timestamp="2025-08-17T11:25:00 EDT" skipped="0">
  <testcase classname="cucumber.TestNGRunner" name="runScenario" time="16.841">
    <error message="Expected condition failed: waiting for visibility of element located by By.cssSelector: .mb-3 (tried for 5 second(s) with 500 milliseconds interval)
Build info: version: &#039;4.33.0&#039;, revision: &#039;2c6aaad03a&#039;
System info: os.name: &#039;Linux&#039;, os.arch: &#039;amd64&#039;, os.version: &#039;6.8.0-71-generic&#039;, java.version: &#039;21.0.8&#039;
Driver info: org.openqa.selenium.firefox.FirefoxDriver
Capabilities {acceptInsecureCerts: true, browserName: firefox, browserVersion: 141.0.3, moz:accessibilityChecks: false, moz:buildID: 20250806102122, moz:geckodriverVersion: 0.36.0, moz:headless: false, moz:platformVersion: 6.8.0-71-generic, moz:processID: 1404304, moz:profile: /tmp/rust_mozprofileAq6KdQ, moz:shutdownTimeout: 60000, moz:webdriverClick: true, moz:windowless: false, pageLoadStrategy: normal, platformName: linux, proxy: Proxy(), setWindowRect: true, strictFileInteractability: false, timeouts: {implicit: 0, pageLoad: 300000, script: 30000}, unhandledPromptBehavior: dismiss and notify, userAgent: Mozilla/5.0 (X11; Linux x86...}
Session ID: e7b41ef5-6114-47eb-82a2-146675e76f8f" type="org.openqa.selenium.TimeoutException">
      <![CDATA[org.openqa.selenium.TimeoutException: Expected condition failed: waiting for visibility of element located by By.cssSelector: .mb-3 (tried for 5 second(s) with 500 milliseconds interval)
Build info: version: '4.33.0', revision: '2c6aaad03a'
System info: os.name: 'Linux', os.arch: 'amd64', os.version: '6.8.0-71-generic', java.version: '21.0.8'
Driver info: org.openqa.selenium.firefox.FirefoxDriver
Capabilities {acceptInsecureCerts: true, browserName: firefox, browserVersion: 141.0.3, moz:accessibilityChecks: false, moz:buildID: 20250806102122, moz:geckodriverVersion: 0.36.0, moz:headless: false, moz:platformVersion: 6.8.0-71-generic, moz:processID: 1404304, moz:profile: /tmp/rust_mozprofileAq6KdQ, moz:shutdownTimeout: 60000, moz:webdriverClick: true, moz:windowless: false, pageLoadStrategy: normal, platformName: linux, proxy: Proxy(), setWindowRect: true, strictFileInteractability: false, timeouts: {implicit: 0, pageLoad: 300000, script: 30000}, unhandledPromptBehavior: dismiss and notify, userAgent: Mozilla/5.0 (X11; Linux x86...}
Session ID: e7b41ef5-6114-47eb-82a2-146675e76f8f
at org.openqa.selenium.support.ui.WebDriverWait.timeoutException(WebDriverWait.java:84)
at org.openqa.selenium.support.ui.FluentWait.until(FluentWait.java:228)
at ecom.common.CommonComponents.waitForVisibility(CommonComponents.java:33)
at ecom.pageobjects.ProductCataloguePage.getProductList(ProductCataloguePage.java:24)
at ecom.pageobjects.ProductCataloguePage.getProductByName(ProductCataloguePage.java:32)
at ecom.pageobjects.ProductCataloguePage.addProductToCart(ProductCataloguePage.java:43)
at ecom.stepDefinitions.StepDefinitionCucumber.the_user_adds_product_to_the_cart(StepDefinitionCucumber.java:38)
at âœ½.the user adds product "ADIDAS SHOES" to the cart(file:///home/rebof/eclipse-workspace/rahushetty_ecommerce/src/test/java/cucumber/SubmitOrderTest.feature:16)
]]>
    </error>
  </testcase> <!-- runScenario -->
  <testcase classname="cucumber.TestNGRunner" name="runScenario" time="23.177"/>
</testsuite> <!-- cucumber.TestNGRunner -->
